[01m[K/home/caesar/Desktop/ROS2/dev_ws/src/cpp_pubsub/src/publisher_member_function.cpp:[m[K In member function â€˜[01m[Kvoid MinimalPublisher::timer_callback()[m[Kâ€™:
[01m[K/home/caesar/Desktop/ROS2/dev_ws/src/cpp_pubsub/src/publisher_member_function.cpp:29:7:[m[K [01;31m[Kerror: [m[Kâ€˜[01m[Kvector[m[Kâ€™ was not declared in this scope
       [01;31m[Kvector[m[K<float> obj;
       [01;31m[K^~~~~~[m[K
[01m[K/home/caesar/Desktop/ROS2/dev_ws/src/cpp_pubsub/src/publisher_member_function.cpp:29:7:[m[K [01;36m[Knote: [m[Ksuggested alternative:
In file included from [01m[K/usr/include/c++/7/vector:64:0[m[K,
                 from [01m[K/home/caesar/Desktop/ROS2/dev_ws/src/cpp_pubsub/src/publisher_member_function.cpp:5[m[K:
[01m[K/usr/include/c++/7/bits/stl_vector.h:216:11:[m[K [01;36m[Knote: [m[K  â€˜[01m[Kstd::vector[m[Kâ€™
     class [01;36m[Kvector[m[K : protected _Vector_base<_Tp, _Alloc>
           [01;36m[K^~~~~~[m[K
[01m[K/home/caesar/Desktop/ROS2/dev_ws/src/cpp_pubsub/src/publisher_member_function.cpp:29:14:[m[K [01;31m[Kerror: [m[Kexpected primary-expression before â€˜[01m[Kfloat[m[Kâ€™
       vector<[01;31m[Kfloat[m[K> obj;
              [01;31m[K^~~~~[m[K
[01m[K/home/caesar/Desktop/ROS2/dev_ws/src/cpp_pubsub/src/publisher_member_function.cpp:31:22:[m[K [01;31m[Kerror: [m[Kâ€˜[01m[Kobj[m[Kâ€™ was not declared in this scope
       message.data = [01;31m[Kobj[m[K.push_back(count_++);
                      [01;31m[K^~~[m[K
make[2]: *** [CMakeFiles/talker.dir/src/publisher_member_function.cpp.o] Error 1
make[1]: *** [CMakeFiles/talker.dir/all] Error 2
make: *** [all] Error 2
