[0.015s] Invoking command in '/home/caesar/Desktop/ROS2/dev_ws/build/cpp_pubsub': CMAKE_PREFIX_PATH=/opt/ros/dashing /usr/bin/cmake --build /home/caesar/Desktop/ROS2/dev_ws/build/cpp_pubsub -- -j4 -l4
[0.065s] [35m[1mScanning dependencies of target talker[0m
[0.081s] [ 50%] Built target listener
[0.089s] [ 75%] [32mBuilding CXX object CMakeFiles/talker.dir/src/publisher_member_function.cpp.o[0m
[1.008s] [01m[K/home/caesar/Desktop/ROS2/dev_ws/src/cpp_pubsub/src/publisher_member_function.cpp:[m[K In member function â€˜[01m[Kvoid MinimalPublisher::timer_callback()[m[Kâ€™:
[1.008s] [01m[K/home/caesar/Desktop/ROS2/dev_ws/src/cpp_pubsub/src/publisher_member_function.cpp:31:39:[m[K [01;31m[Kerror: [m[Kno match for â€˜[01m[Koperator=[m[Kâ€™ (operand types are â€˜[01m[Kstd_msgs::msg::Float64MultiArray_<std::allocator<void> >::_data_type {aka std::vector<double>}[m[Kâ€™ and â€˜[01m[Kvoid[m[Kâ€™)
[1.008s]        message.data = obj.push_back(1.0[01;31m[K)[m[K;
[1.008s]                                        [01;31m[K^[m[K
[1.008s] In file included from [01m[K/usr/include/c++/7/vector:69:0[m[K,
[1.008s]                  from [01m[K/opt/ros/dashing/include/rclcpp/executor.hpp:27[m[K,
[1.008s]                  from [01m[K/opt/ros/dashing/include/rclcpp/executors/multi_threaded_executor.hpp:24[m[K,
[1.009s]                  from [01m[K/opt/ros/dashing/include/rclcpp/executors.hpp:21[m[K,
[1.009s]                  from [01m[K/opt/ros/dashing/include/rclcpp/rclcpp.hpp:144[m[K,
[1.009s]                  from [01m[K/home/caesar/Desktop/ROS2/dev_ws/src/cpp_pubsub/src/publisher_member_function.cpp:6[m[K:
[1.009s] [01m[K/usr/include/c++/7/bits/vector.tcc:179:5:[m[K [01;36m[Knote: [m[Kcandidate: std::vector<_Tp, _Alloc>& std::vector<_Tp, _Alloc>::operator=(const std::vector<_Tp, _Alloc>&) [with _Tp = double; _Alloc = std::allocator<double>]
[1.009s]      [01;36m[Kvector<_Tp, _Alloc>[m[K::
[1.009s]      [01;36m[K^~~~~~~~~~~~~~~~~~~[m[K
[1.009s] [01m[K/usr/include/c++/7/bits/vector.tcc:179:5:[m[K [01;36m[Knote: [m[K  no known conversion for argument 1 from â€˜[01m[Kvoid[m[Kâ€™ to â€˜[01m[Kconst std::vector<double>&[m[Kâ€™
[1.009s] In file included from [01m[K/usr/include/c++/7/vector:64:0[m[K,
[1.009s]                  from [01m[K/opt/ros/dashing/include/rclcpp/executor.hpp:27[m[K,
[1.009s]                  from [01m[K/opt/ros/dashing/include/rclcpp/executors/multi_threaded_executor.hpp:24[m[K,
[1.009s]                  from [01m[K/opt/ros/dashing/include/rclcpp/executors.hpp:21[m[K,
[1.009s]                  from [01m[K/opt/ros/dashing/include/rclcpp/rclcpp.hpp:144[m[K,
[1.009s]                  from [01m[K/home/caesar/Desktop/ROS2/dev_ws/src/cpp_pubsub/src/publisher_member_function.cpp:6[m[K:
[1.010s] [01m[K/usr/include/c++/7/bits/stl_vector.h:461:7:[m[K [01;36m[Knote: [m[Kcandidate: std::vector<_Tp, _Alloc>& std::vector<_Tp, _Alloc>::operator=(std::vector<_Tp, _Alloc>&&) [with _Tp = double; _Alloc = std::allocator<double>]
[1.010s]        [01;36m[Koperator[m[K=(vector&& __x) noexcept(_Alloc_traits::_S_nothrow_move())
[1.010s]        [01;36m[K^~~~~~~~[m[K
[1.010s] [01m[K/usr/include/c++/7/bits/stl_vector.h:461:7:[m[K [01;36m[Knote: [m[K  no known conversion for argument 1 from â€˜[01m[Kvoid[m[Kâ€™ to â€˜[01m[Kstd::vector<double>&&[m[Kâ€™
[1.010s] [01m[K/usr/include/c++/7/bits/stl_vector.h:482:7:[m[K [01;36m[Knote: [m[Kcandidate: std::vector<_Tp, _Alloc>& std::vector<_Tp, _Alloc>::operator=(std::initializer_list<_Tp>) [with _Tp = double; _Alloc = std::allocator<double>]
[1.010s]        [01;36m[Koperator[m[K=(initializer_list<value_type> __l)
[1.010s]        [01;36m[K^~~~~~~~[m[K
[1.010s] [01m[K/usr/include/c++/7/bits/stl_vector.h:482:7:[m[K [01;36m[Knote: [m[K  no known conversion for argument 1 from â€˜[01m[Kvoid[m[Kâ€™ to â€˜[01m[Kstd::initializer_list<double>[m[Kâ€™
[1.407s] make[2]: *** [CMakeFiles/talker.dir/src/publisher_member_function.cpp.o] Error 1
[1.407s] CMakeFiles/talker.dir/build.make:62: recipe for target 'CMakeFiles/talker.dir/src/publisher_member_function.cpp.o' failed
[1.407s] CMakeFiles/Makefile2:67: recipe for target 'CMakeFiles/talker.dir/all' failed
[1.408s] make[1]: *** [CMakeFiles/talker.dir/all] Error 2
[1.408s] make: *** [all] Error 2
[1.408s] Makefile:140: recipe for target 'all' failed
[1.409s] Invoked command in '/home/caesar/Desktop/ROS2/dev_ws/build/cpp_pubsub' returned '2': CMAKE_PREFIX_PATH=/opt/ros/dashing /usr/bin/cmake --build /home/caesar/Desktop/ROS2/dev_ws/build/cpp_pubsub -- -j4 -l4
