[0.052s] Invoking command in '/home/caesar/Desktop/ROS2/dev_ws/build/cpp_pubsub': CMAKE_PREFIX_PATH=/opt/ros/dashing /usr/bin/cmake --build /home/caesar/Desktop/ROS2/dev_ws/build/cpp_pubsub -- -j4 -l4
[0.606s] [35m[1mScanning dependencies of target listener[0m
[0.606s] [ 50%] Built target talker
[0.607s] [ 75%] [32mBuilding CXX object CMakeFiles/listener.dir/src/subscriber_member_function.cpp.o[0m
[1.184s] [01m[K/home/caesar/Desktop/ROS2/dev_ws/src/cpp_pubsub/src/subscriber_member_function.cpp:[m[K In member function â€˜[01m[Kvoid MinimalSubscriber::topic_callback(std_msgs::msg::Float64MultiArray_<std::allocator<void> >::SharedPtr) const[m[Kâ€™:
[1.184s] [01m[K/home/caesar/Desktop/ROS2/dev_ws/src/cpp_pubsub/src/subscriber_member_function.cpp:22:7:[m[K [01;31m[Kerror: [m[Kâ€˜[01m[Kcout[m[Kâ€™ was not declared in this scope
[1.184s]        [01;31m[Kcout[m[K << msg->data << endl;
[1.184s]        [01;31m[K^~~~[m[K
[1.184s] [01m[K/home/caesar/Desktop/ROS2/dev_ws/src/cpp_pubsub/src/subscriber_member_function.cpp:22:7:[m[K [01;36m[Knote: [m[Ksuggested alternative:
[1.184s] In file included from [01m[K/opt/ros/dashing/include/rclcpp/executor.hpp:22:0[m[K,
[1.184s]                  from [01m[K/opt/ros/dashing/include/rclcpp/executors/multi_threaded_executor.hpp:24[m[K,
[1.184s]                  from [01m[K/opt/ros/dashing/include/rclcpp/executors.hpp:21[m[K,
[1.184s]                  from [01m[K/opt/ros/dashing/include/rclcpp/rclcpp.hpp:144[m[K,
[1.184s]                  from [01m[K/home/caesar/Desktop/ROS2/dev_ws/src/cpp_pubsub/src/subscriber_member_function.cpp:3[m[K:
[1.184s] [01m[K/usr/include/c++/7/iostream:61:18:[m[K [01;36m[Knote: [m[K  â€˜[01m[Kstd::cout[m[Kâ€™
[1.185s]    extern ostream [01;36m[Kcout[m[K;  /// Linked to standard output
[1.185s]                   [01;36m[K^~~~[m[K
[1.185s] [01m[K/home/caesar/Desktop/ROS2/dev_ws/src/cpp_pubsub/src/subscriber_member_function.cpp:22:28:[m[K [01;31m[Kerror: [m[Kâ€˜[01m[Kendl[m[Kâ€™ was not declared in this scope
[1.185s]        cout << msg->data << [01;31m[Kendl[m[K;
[1.185s]                             [01;31m[K^~~~[m[K
[1.185s] [01m[K/home/caesar/Desktop/ROS2/dev_ws/src/cpp_pubsub/src/subscriber_member_function.cpp:22:28:[m[K [01;36m[Knote: [m[Ksuggested alternative:
[1.185s] In file included from [01m[K/usr/include/c++/7/iostream:39:0[m[K,
[1.185s]                  from [01m[K/opt/ros/dashing/include/rclcpp/executor.hpp:22[m[K,
[1.185s]                  from [01m[K/opt/ros/dashing/include/rclcpp/executors/multi_threaded_executor.hpp:24[m[K,
[1.185s]                  from [01m[K/opt/ros/dashing/include/rclcpp/executors.hpp:21[m[K,
[1.185s]                  from [01m[K/opt/ros/dashing/include/rclcpp/rclcpp.hpp:144[m[K,
[1.185s]                  from [01m[K/home/caesar/Desktop/ROS2/dev_ws/src/cpp_pubsub/src/subscriber_member_function.cpp:3[m[K:
[1.185s] [01m[K/usr/include/c++/7/ostream:590:5:[m[K [01;36m[Knote: [m[K  â€˜[01m[Kstd::endl[m[Kâ€™
[1.186s]      [01;36m[Kendl[m[K(basic_ostream<_CharT, _Traits>& __os)
[1.186s]      [01;36m[K^~~~[m[K
[1.883s] make[2]: *** [CMakeFiles/listener.dir/src/subscriber_member_function.cpp.o] Error 1
[1.883s] CMakeFiles/listener.dir/build.make:62: recipe for target 'CMakeFiles/listener.dir/src/subscriber_member_function.cpp.o' failed
[1.883s] CMakeFiles/Makefile2:136: recipe for target 'CMakeFiles/listener.dir/all' failed
[1.884s] make[1]: *** [CMakeFiles/listener.dir/all] Error 2
[1.884s] Makefile:140: recipe for target 'all' failed
[1.884s] make: *** [all] Error 2
[1.885s] Invoked command in '/home/caesar/Desktop/ROS2/dev_ws/build/cpp_pubsub' returned '2': CMAKE_PREFIX_PATH=/opt/ros/dashing /usr/bin/cmake --build /home/caesar/Desktop/ROS2/dev_ws/build/cpp_pubsub -- -j4 -l4
