[0.016s] Invoking command in '/home/caesar/Desktop/ROS2/dev_ws/build/cpp_pubsub': CMAKE_PREFIX_PATH=/opt/ros/dashing /usr/bin/cmake --build /home/caesar/Desktop/ROS2/dev_ws/build/cpp_pubsub -- -j4 -l4
[0.082s] [ 25%] [32mBuilding CXX object CMakeFiles/listener.dir/src/subscriber_member_function.cpp.o[0m
[0.082s] [ 75%] Built target talker
[1.007s] [01m[K/home/caesar/Desktop/ROS2/dev_ws/src/cpp_pubsub/src/subscriber_member_function.cpp:[m[K In member function â€˜[01m[Kvoid MinimalSubscriber::topic_callback(std_msgs::msg::Float64MultiArray_<std::allocator<void> >::SharedPtr) const[m[Kâ€™:
[1.007s] [01m[K/home/caesar/Desktop/ROS2/dev_ws/src/cpp_pubsub/src/subscriber_member_function.cpp:23:7:[m[K [01;31m[Kerror: [m[Kâ€˜[01m[Kcout[m[Kâ€™ was not declared in this scope
[1.007s]        [01;31m[Kcout[m[K << msg->data << endl;
[1.007s]        [01;31m[K^~~~[m[K
[1.007s] [01m[K/home/caesar/Desktop/ROS2/dev_ws/src/cpp_pubsub/src/subscriber_member_function.cpp:23:7:[m[K [01;36m[Knote: [m[Ksuggested alternative:
[1.007s] In file included from [01m[K/home/caesar/Desktop/ROS2/dev_ws/src/cpp_pubsub/src/subscriber_member_function.cpp:2:0[m[K:
[1.008s] [01m[K/usr/include/c++/7/iostream:61:18:[m[K [01;36m[Knote: [m[K  â€˜[01m[Kstd::cout[m[Kâ€™
[1.008s]    extern ostream [01;36m[Kcout[m[K;  /// Linked to standard output
[1.008s]                   [01;36m[K^~~~[m[K
[1.008s] [01m[K/home/caesar/Desktop/ROS2/dev_ws/src/cpp_pubsub/src/subscriber_member_function.cpp:23:28:[m[K [01;31m[Kerror: [m[Kâ€˜[01m[Kendl[m[Kâ€™ was not declared in this scope
[1.008s]        cout << msg->data << [01;31m[Kendl[m[K;
[1.008s]                             [01;31m[K^~~~[m[K
[1.008s] [01m[K/home/caesar/Desktop/ROS2/dev_ws/src/cpp_pubsub/src/subscriber_member_function.cpp:23:28:[m[K [01;36m[Knote: [m[Ksuggested alternative:
[1.008s] In file included from [01m[K/usr/include/c++/7/iostream:39:0[m[K,
[1.008s]                  from [01m[K/home/caesar/Desktop/ROS2/dev_ws/src/cpp_pubsub/src/subscriber_member_function.cpp:2[m[K:
[1.008s] [01m[K/usr/include/c++/7/ostream:590:5:[m[K [01;36m[Knote: [m[K  â€˜[01m[Kstd::endl[m[Kâ€™
[1.008s]      [01;36m[Kendl[m[K(basic_ostream<_CharT, _Traits>& __os)
[1.008s]      [01;36m[K^~~~[m[K
[1.626s] make[2]: *** [CMakeFiles/listener.dir/src/subscriber_member_function.cpp.o] Error 1
[1.627s] CMakeFiles/listener.dir/build.make:62: recipe for target 'CMakeFiles/listener.dir/src/subscriber_member_function.cpp.o' failed
[1.627s] make[1]: *** [CMakeFiles/listener.dir/all] Error 2
[1.627s] CMakeFiles/Makefile2:136: recipe for target 'CMakeFiles/listener.dir/all' failed
[1.627s] Makefile:140: recipe for target 'all' failed
[1.627s] make: *** [all] Error 2
[1.629s] Invoked command in '/home/caesar/Desktop/ROS2/dev_ws/build/cpp_pubsub' returned '2': CMAKE_PREFIX_PATH=/opt/ros/dashing /usr/bin/cmake --build /home/caesar/Desktop/ROS2/dev_ws/build/cpp_pubsub -- -j4 -l4
